[0.051s] Invoking command in '/home/jefri/ros2_ws/build/my_robot_interfaces': CMAKE_PREFIX_PATH=${CMAKE_PREFIX_PATH}:/home/jefri/ros2_ws/install/turtlesim_catch_them_all:/home/jefri/ros2_ws/src/install/turtlesim_catch_them_all:/home/jefri/ros2_ws/src/install/my_robot_controller:/home/jefri/ros2_ws/install/my_robot_controller:/home/jefri/ros2_ws/install/add_integers:/opt/ros/humble /usr/bin/cmake --build /home/jefri/ros2_ws/build/my_robot_interfaces -- -j2 -l2
[0.118s] -- Found ament_cmake: 1.3.10 (/opt/ros/humble/share/ament_cmake/cmake)
[0.627s] -- Override CMake install command with custom implementation using symlinks instead of copying resources
[0.661s] -- Found rosidl_default_generators: 1.2.0 (/opt/ros/humble/share/rosidl_default_generators/cmake)
[0.674s] -- Using all available rosidl_typesupport_c: rosidl_typesupport_fastrtps_c;rosidl_typesupport_introspection_c
[0.685s] -- Found rosidl_adapter: 3.1.5 (/opt/ros/humble/share/rosidl_adapter/cmake)
[0.773s] -- Using all available rosidl_typesupport_cpp: rosidl_typesupport_fastrtps_cpp;rosidl_typesupport_introspection_cpp
[0.892s] -- Found std_msgs: 4.2.4 (/opt/ros/humble/share/std_msgs/cmake)
[1.607s] [31mCMake Error at /opt/ros/humble/share/rosidl_adapter/cmake/rosidl_adapt_interfaces.cmake:59 (message):
[1.607s]   execute_process(/usr/bin/python3 -m rosidl_adapter --package-name
[1.607s]   my_robot_interfaces --arguments-file
[1.608s]   /home/jefri/ros2_ws/build/my_robot_interfaces/rosidl_adapter__arguments__my_robot_interfaces.json
[1.608s]   --output-dir
[1.608s]   /home/jefri/ros2_ws/build/my_robot_interfaces/rosidl_adapter/my_robot_interfaces
[1.608s]   --output-file
[1.615s]   /home/jefri/ros2_ws/build/my_robot_interfaces/rosidl_adapter/my_robot_interfaces.idls)
[1.615s]   returned error code 1:
[1.615s] 
[1.621s]   Error processing 'Turtle[] Turtles' of 'my_robot_interfaces/TurtleArray':
[1.623s]   ''Turtles' is an invalid field name.  It should have the pattern
[1.623s]   '^(?!.*__)(?!.*_$)[a-z][a-z0-9_]*$''
[1.623s] 
[1.625s]   Traceback (most recent call last):
[1.625s] 
[1.625s]     File "/usr/lib/python3.10/runpy.py", line 196, in _run_module_as_main
[1.626s]       return _run_code(code, main_globals, None,
[1.626s]     File "/usr/lib/python3.10/runpy.py", line 86, in _run_code
[1.626s]       exec(code, run_globals)
[1.626s]     File "/opt/ros/humble/local/lib/python3.10/dist-packages/rosidl_adapter/__main__.py", line 19, in <module>
[1.626s]       sys.exit(main())
[1.626s]     File "/opt/ros/humble/local/lib/python3.10/dist-packages/rosidl_adapter/main.py", line 53, in main
[1.627s]       abs_idl_file = convert_to_idl(
[1.627s]     File "/opt/ros/humble/local/lib/python3.10/dist-packages/rosidl_adapter/__init__.py", line 19, in convert_to_idl
[1.627s]       return convert_msg_to_idl(
[1.627s]     File "/opt/ros/humble/local/lib/python3.10/dist-packages/rosidl_adapter/msg/__init__.py", line 28, in convert_msg_to_idl
[1.638s]       msg = parse_message_string(package_name, input_file.stem, content)
[1.639s]     File "/opt/ros/humble/local/lib/python3.10/dist-packages/rosidl_adapter/parser.py", line 519, in parse_message_string
[1.639s]       fields.append(Field(
[1.639s]     File "/opt/ros/humble/local/lib/python3.10/dist-packages/rosidl_adapter/parser.py", line 354, in __init__
[1.639s]       raise NameError(
[1.639s] 
[1.639s]   NameError: 'Turtles' is an invalid field name.  It should have the pattern
[1.640s]   '^(?!.*__)(?!.*_$)[a-z][a-z0-9_]*$'
[1.640s] 
[1.640s] Call Stack (most recent call first):
[1.640s]   /opt/ros/humble/share/rosidl_cmake/cmake/rosidl_generate_interfaces.cmake:130 (rosidl_adapt_interfaces)
[1.646s]   CMakeLists.txt:15 (rosidl_generate_interfaces)
[1.647s] 
[1.647s] [0m
[1.647s] -- Configuring incomplete, errors occurred!
[1.647s] See also "/home/jefri/ros2_ws/build/my_robot_interfaces/CMakeFiles/CMakeOutput.log".
[1.659s] gmake: *** [Makefile:1179: cmake_check_build_system] Error 1
[1.669s] Invoked command in '/home/jefri/ros2_ws/build/my_robot_interfaces' returned '2': CMAKE_PREFIX_PATH=${CMAKE_PREFIX_PATH}:/home/jefri/ros2_ws/install/turtlesim_catch_them_all:/home/jefri/ros2_ws/src/install/turtlesim_catch_them_all:/home/jefri/ros2_ws/src/install/my_robot_controller:/home/jefri/ros2_ws/install/my_robot_controller:/home/jefri/ros2_ws/install/add_integers:/opt/ros/humble /usr/bin/cmake --build /home/jefri/ros2_ws/build/my_robot_interfaces -- -j2 -l2
